<?xml version="1.0" encoding="UTF-8"?>
<!-- Generated by org.testng.reporters.JUnitReportReporter -->
<testsuite skipped="1" hostname="DESKTOP-9LRRM7S" name="org.com.Project2" tests="7" failures="0" timestamp="16 Jul 2022 07:35:13 GMT" time="81.346" errors="0">
  <testcase name="testCase4" time="6.148" classname="org.com.Project2"/>
  <testcase name="testCase1" time="10.908" classname="org.com.Project2"/>
  <testcase name="testCase5" time="14.731" classname="org.com.Project2"/>
  <testcase name="testCase3" time="28.919" classname="org.com.Project2"/>
  <testcase name="testCase7" time="10.397" classname="org.com.Project2"/>
  <testcase name="tessCase2" time="10.243" classname="org.com.Project2"/>
  <testcase name="testCase6" classname="org.com.Project2">
    <skipped/>
  </testcase> <!-- testCase6 -->
</testsuite> <!-- org.com.Project2 -->
