<?xml version="1.0" encoding="UTF-8"?>
<!-- Generated by org.testng.reporters.JUnitReportReporter -->
<testsuite skipped="1" hostname="DESKTOP-9LRRM7S" name="org.test.TestNg" tests="4" failures="0" timestamp="18 Jul 2022 10:54:11 GMT" time="56.601" errors="0">
  <testcase name="testCase2" time="21.936" classname="org.test.TestNg"/>
  <testcase name="testCase1" time="28.739" classname="org.test.TestNg"/>
  <testcase name="testCase4" time="5.926" classname="org.test.TestNg"/>
  <testcase name="testCase3" classname="org.test.TestNg">
    <skipped/>
  </testcase> <!-- testCase3 -->
</testsuite> <!-- org.test.TestNg -->
