<?xml version="1.0" encoding="UTF-8"?>
<!-- Generated by org.testng.reporters.JUnitReportReporter -->
<testsuite skipped="1" hostname="DESKTOP-9LRRM7S" name="org.test.Project2" tests="7" failures="0" timestamp="18 Jul 2022 10:54:11 GMT" time="71.602" errors="0">
  <testcase name="testCase5" time="12.830" classname="org.test.Project2"/>
  <testcase name="tessCase2" time="15.213" classname="org.test.Project2"/>
  <testcase name="testCase1" time="10.821" classname="org.test.Project2"/>
  <testcase name="testCase3" time="10.009" classname="org.test.Project2"/>
  <testcase name="testCase7" time="10.731" classname="org.test.Project2"/>
  <testcase name="testCase4" time="11.998" classname="org.test.Project2"/>
  <testcase name="testCase6" classname="org.test.Project2">
    <skipped/>
  </testcase> <!-- testCase6 -->
</testsuite> <!-- org.test.Project2 -->
